<?xml version="1.0" encoding="UTF-8"?>
<!-- Generated by org.testng.reporters.JUnitReportReporter -->
<testsuite hostname="DESKTOP-C8NETJI" failures="0" tests="1" name="AmazonRunnerPackage.AmazonRunnerClass" time="38.835" errors="0" timestamp="2022-10-23T14:42:23 PDT" skipped="0">
  <testcase classname="AmazonRunnerPackage.AmazonRunnerClass" name="feature" time="38.835"/>
  <system-out/>
</testsuite> <!-- AmazonRunnerPackage.AmazonRunnerClass -->
